
==== Simulation Run 0 Started ====


==== Initaiting Run 0 Started ====

4
[1000 1000 1000 1000 1000 1000]
[TESTING eList: ]{6: [0, 1, 2, 3], 7: [0, 1, 2, 3, 4, 5], 8: [0, 1, 2, 3, 4, 5], 9: [0, 1, 2, 3, 4, 5], 10: [0, 1, 2, 3, 4, 5], 11: [0, 1, 2, 3, 4, 5]}
SEQ(A, C, F)

AND(B, E, F, C)

AND(B, SEQ(F, A, E))

None
-----
-----
[NETWORK] {0: [], 1: [], 2: [], 3: [], 4: [], 5: [], 6: ['A', 'C', 'D', 'E', 'F'], 7: ['A', 'D', 'E'], 8: ['C', 'D', 'E', 'F'], 9: ['B', 'C', 'D'], 10: ['A', 'D'], 11: ['C', 'D']}
Current projrates: {<helper.Tree.AND object at 0x11a081d90>: (0.0034410204848467144, 5702940890.355854), <helper.Tree.AND object at 0x11a06cf70>: (9.414788259456895e-07, 1950438146.7410362), <helper.Tree.SEQ object at 0x11a093c40>: (0.0010829199654704728, 637839.8596621085), <helper.Tree.SEQ object at 0x11a427ee0>: (0.002234024451871865, 2234024.451871865), <helper.Tree.AND object at 0x11a427730>: (2.698379559433203e-07, 1079351.8237732812), <helper.Tree.AND object at 0x11a427e50>: (2.2259207085956857e-05, 44518414.17191371)}
Type of projection: <class 'str'> Value: A
Current projrates: {<helper.Tree.AND object at 0x11a081d90>: (0.0034410204848467144, 5702940890.355854), <helper.Tree.AND object at 0x11a06cf70>: (9.414788259456895e-07, 1950438146.7410362), <helper.Tree.SEQ object at 0x11a093c40>: (0.0010829199654704728, 637839.8596621085), <helper.Tree.SEQ object at 0x11a427ee0>: (0.002234024451871865, 2234024.451871865), <helper.Tree.AND object at 0x11a427730>: (2.698379559433203e-07, 1079351.8237732812), <helper.Tree.AND object at 0x11a427e50>: (2.2259207085956857e-05, 44518414.17191371)}
Type of projection: <class 'str'> Value: A
Current projrates: {<helper.Tree.AND object at 0x11a081d90>: (0.0034410204848467144, 5702940890.355854), <helper.Tree.AND object at 0x11a06cf70>: (9.414788259456895e-07, 1950438146.7410362), <helper.Tree.SEQ object at 0x11a093c40>: (0.0010829199654704728, 637839.8596621085), <helper.Tree.SEQ object at 0x11a427ee0>: (0.002234024451871865, 2234024.451871865), <helper.Tree.AND object at 0x11a427730>: (2.698379559433203e-07, 1079351.8237732812), <helper.Tree.AND object at 0x11a427e50>: (2.2259207085956857e-05, 44518414.17191371)}
Type of projection: <class 'str'> Value: C
Current projrates: {<helper.Tree.AND object at 0x11a081d90>: (0.0034410204848467144, 5702940890.355854), <helper.Tree.AND object at 0x11a06cf70>: (9.414788259456895e-07, 1950438146.7410362), <helper.Tree.SEQ object at 0x11a093c40>: (0.0010829199654704728, 637839.8596621085), <helper.Tree.SEQ object at 0x11a427ee0>: (0.002234024451871865, 2234024.451871865), <helper.Tree.AND object at 0x11a427730>: (2.698379559433203e-07, 1079351.8237732812), <helper.Tree.AND object at 0x11a427e50>: (2.2259207085956857e-05, 44518414.17191371)}
Type of projection: <class 'str'> Value: F
Current projrates: {<helper.Tree.AND object at 0x11a081d90>: (0.0034410204848467144, 5702940890.355854), <helper.Tree.AND object at 0x11a06cf70>: (9.414788259456895e-07, 1950438146.7410362), <helper.Tree.SEQ object at 0x11a093c40>: (0.0010829199654704728, 637839.8596621085), <helper.Tree.SEQ object at 0x11a427ee0>: (0.002234024451871865, 2234024.451871865), <helper.Tree.AND object at 0x11a427730>: (2.698379559433203e-07, 1079351.8237732812), <helper.Tree.AND object at 0x11a427e50>: (2.2259207085956857e-05, 44518414.17191371)}
Type of projection: <class 'str'> Value: B
getSavings called with partType: B
✅ Found partType 'B' in MSTrees
✅ Found MSTrees[B] in DistMatrices
Current projrates: {<helper.Tree.AND object at 0x11a081d90>: (0.0034410204848467144, 5702940890.355854), <helper.Tree.AND object at 0x11a06cf70>: (9.414788259456895e-07, 1950438146.7410362), <helper.Tree.SEQ object at 0x11a093c40>: (0.0010829199654704728, 637839.8596621085), <helper.Tree.SEQ object at 0x11a427ee0>: (0.002234024451871865, 2234024.451871865), <helper.Tree.AND object at 0x11a427730>: (2.698379559433203e-07, 1079351.8237732812), <helper.Tree.AND object at 0x11a427e50>: (2.2259207085956857e-05, 44518414.17191371)}
Type of projection: <class 'str'> Value: B
Current projrates: {<helper.Tree.AND object at 0x11a081d90>: (0.0034410204848467144, 5702940890.355854), <helper.Tree.AND object at 0x11a06cf70>: (9.414788259456895e-07, 1950438146.7410362), <helper.Tree.SEQ object at 0x11a093c40>: (0.0010829199654704728, 637839.8596621085), <helper.Tree.SEQ object at 0x11a427ee0>: (0.002234024451871865, 2234024.451871865), <helper.Tree.AND object at 0x11a427730>: (2.698379559433203e-07, 1079351.8237732812), <helper.Tree.AND object at 0x11a427e50>: (2.2259207085956857e-05, 44518414.17191371)}
Type of projection: <class 'str'> Value: B
Current projrates: {<helper.Tree.AND object at 0x11a081d90>: (0.0034410204848467144, 5702940890.355854), <helper.Tree.AND object at 0x11a06cf70>: (9.414788259456895e-07, 1950438146.7410362), <helper.Tree.SEQ object at 0x11a093c40>: (0.0010829199654704728, 637839.8596621085), <helper.Tree.SEQ object at 0x11a427ee0>: (0.002234024451871865, 2234024.451871865), <helper.Tree.AND object at 0x11a427730>: (2.698379559433203e-07, 1079351.8237732812), <helper.Tree.AND object at 0x11a427e50>: (2.2259207085956857e-05, 44518414.17191371)}
Type of projection: <class 'str'> Value: B
Current projrates: {<helper.Tree.AND object at 0x11a081d90>: (0.0034410204848467144, 5702940890.355854), <helper.Tree.AND object at 0x11a06cf70>: (9.414788259456895e-07, 1950438146.7410362), <helper.Tree.SEQ object at 0x11a093c40>: (0.0010829199654704728, 637839.8596621085), <helper.Tree.SEQ object at 0x11a427ee0>: (0.002234024451871865, 2234024.451871865), <helper.Tree.AND object at 0x11a427730>: (2.698379559433203e-07, 1079351.8237732812), <helper.Tree.AND object at 0x11a427e50>: (2.2259207085956857e-05, 44518414.17191371)}
Type of projection: <class 'str'> Value: B
Current projrates: {<helper.Tree.AND object at 0x11a081d90>: (0.0034410204848467144, 5702940890.355854), <helper.Tree.AND object at 0x11a06cf70>: (9.414788259456895e-07, 1950438146.7410362), <helper.Tree.SEQ object at 0x11a093c40>: (0.0010829199654704728, 637839.8596621085), <helper.Tree.SEQ object at 0x11a427ee0>: (0.002234024451871865, 2234024.451871865), <helper.Tree.AND object at 0x11a427730>: (2.698379559433203e-07, 1079351.8237732812), <helper.Tree.AND object at 0x11a427e50>: (2.2259207085956857e-05, 44518414.17191371)}
Type of projection: <class 'str'> Value: B
Current projrates: {<helper.Tree.AND object at 0x11a081d90>: (0.0034410204848467144, 5702940890.355854), <helper.Tree.AND object at 0x11a06cf70>: (9.414788259456895e-07, 1950438146.7410362), <helper.Tree.SEQ object at 0x11a093c40>: (0.0010829199654704728, 637839.8596621085), <helper.Tree.SEQ object at 0x11a427ee0>: (0.002234024451871865, 2234024.451871865), <helper.Tree.AND object at 0x11a427730>: (2.698379559433203e-07, 1079351.8237732812), <helper.Tree.AND object at 0x11a427e50>: (2.2259207085956857e-05, 44518414.17191371)}
Type of projection: <class 'str'> Value: B
getSavings called with partType: B
✅ Found partType 'B' in MSTrees
✅ Found MSTrees[B] in DistMatrices
Current projrates: {<helper.Tree.AND object at 0x11a081d90>: (0.0034410204848467144, 5702940890.355854), <helper.Tree.AND object at 0x11a06cf70>: (9.414788259456895e-07, 1950438146.7410362), <helper.Tree.SEQ object at 0x11a093c40>: (0.0010829199654704728, 637839.8596621085), <helper.Tree.SEQ object at 0x11a427ee0>: (0.002234024451871865, 2234024.451871865), <helper.Tree.AND object at 0x11a427730>: (2.698379559433203e-07, 1079351.8237732812), <helper.Tree.AND object at 0x11a427e50>: (2.2259207085956857e-05, 44518414.17191371)}
Type of projection: <class 'str'> Value: B
Current projrates: {<helper.Tree.AND object at 0x11a081d90>: (0.0034410204848467144, 5702940890.355854), <helper.Tree.AND object at 0x11a06cf70>: (9.414788259456895e-07, 1950438146.7410362), <helper.Tree.SEQ object at 0x11a093c40>: (0.0010829199654704728, 637839.8596621085), <helper.Tree.SEQ object at 0x11a427ee0>: (0.002234024451871865, 2234024.451871865), <helper.Tree.AND object at 0x11a427730>: (2.698379559433203e-07, 1079351.8237732812), <helper.Tree.AND object at 0x11a427e50>: (2.2259207085956857e-05, 44518414.17191371)}
Type of projection: <class 'str'> Value: B
Current projrates: {<helper.Tree.AND object at 0x11a081d90>: (0.0034410204848467144, 5702940890.355854), <helper.Tree.AND object at 0x11a06cf70>: (9.414788259456895e-07, 1950438146.7410362), <helper.Tree.SEQ object at 0x11a093c40>: (0.0010829199654704728, 637839.8596621085), <helper.Tree.SEQ object at 0x11a427ee0>: (0.002234024451871865, 2234024.451871865), <helper.Tree.AND object at 0x11a427730>: (2.698379559433203e-07, 1079351.8237732812), <helper.Tree.AND object at 0x11a427e50>: (2.2259207085956857e-05, 44518414.17191371)}
Type of projection: <class 'str'> Value: B
Current projrates: {<helper.Tree.AND object at 0x11a081d90>: (0.0034410204848467144, 5702940890.355854), <helper.Tree.AND object at 0x11a06cf70>: (9.414788259456895e-07, 1950438146.7410362), <helper.Tree.SEQ object at 0x11a093c40>: (0.0010829199654704728, 637839.8596621085), <helper.Tree.SEQ object at 0x11a427ee0>: (0.002234024451871865, 2234024.451871865), <helper.Tree.AND object at 0x11a427730>: (2.698379559433203e-07, 1079351.8237732812), <helper.Tree.AND object at 0x11a427e50>: (2.2259207085956857e-05, 44518414.17191371)}
Type of projection: <class 'str'> Value: B
Current projrates: {<helper.Tree.AND object at 0x11a081d90>: (0.0034410204848467144, 5702940890.355854), <helper.Tree.AND object at 0x11a06cf70>: (9.414788259456895e-07, 1950438146.7410362), <helper.Tree.SEQ object at 0x11a093c40>: (0.0010829199654704728, 637839.8596621085), <helper.Tree.SEQ object at 0x11a427ee0>: (0.002234024451871865, 2234024.451871865), <helper.Tree.AND object at 0x11a427730>: (2.698379559433203e-07, 1079351.8237732812), <helper.Tree.AND object at 0x11a427e50>: (2.2259207085956857e-05, 44518414.17191371)}
Type of projection: <class 'str'> Value: B
SEQ(A, C, F) ['A', 'C', 'F']
AND(B, E, F, C) ['B', 'E', 'F', 'C']
AND(B, SEQ(F, A, E)) ['B', 'F', 'A', 'E']
time: 1.0963568687438965
0
test
Here
{'A6': 0, 'A7': 1, 'A10': 2, 'A': ['A6', 'A7', 'A10'], 'C6': 3, 'C8': 4, 'C9': 5, 'C11': 6, 'C': ['C6', 'C8', 'C9', 'C11'], 'D6': 7, 'D7': 8, 'D8': 9, 'D9': 10, 'D10': 11, 'D11': 12, 'D': ['D6', 'D7', 'D8', 'D9', 'D10', 'D11'], 'E6': 13, 'E7': 14, 'E8': 15, 'E': ['E6', 'E7', 'E8'], 'F6': 16, 'F8': 17, 'F': ['F6', 'F8'], 'B9': 18, 'B': ['B9']}
centralCosts: 39000.0
Central Hops: 26
central Hop Latency: 3
Current projrates: {<helper.Tree.AND object at 0x11a081d90>: (0.0034410204848467144, 5702940890.355854), <helper.Tree.AND object at 0x11a06cf70>: (9.414788259456895e-07, 1950438146.7410362), <helper.Tree.SEQ object at 0x11a093c40>: (0.0010829199654704728, 637839.8596621085), <helper.Tree.SEQ object at 0x11a427ee0>: (0.002234024451871865, 2234024.451871865), <helper.Tree.AND object at 0x11a427730>: (2.698379559433203e-07, 1079351.8237732812), <helper.Tree.AND object at 0x11a427e50>: (2.2259207085956857e-05, 44518414.17191371)}
Type of projection: <class 'str'> Value: A
Current projrates: {<helper.Tree.AND object at 0x11a081d90>: (0.0034410204848467144, 5702940890.355854), <helper.Tree.AND object at 0x11a06cf70>: (9.414788259456895e-07, 1950438146.7410362), <helper.Tree.SEQ object at 0x11a093c40>: (0.0010829199654704728, 637839.8596621085), <helper.Tree.SEQ object at 0x11a427ee0>: (0.002234024451871865, 2234024.451871865), <helper.Tree.AND object at 0x11a427730>: (2.698379559433203e-07, 1079351.8237732812), <helper.Tree.AND object at 0x11a427e50>: (2.2259207085956857e-05, 44518414.17191371)}
Type of projection: <class 'str'> Value: B
Current projrates: {<helper.Tree.AND object at 0x11a081d90>: (0.0034410204848467144, 5702940890.355854), <helper.Tree.AND object at 0x11a06cf70>: (9.414788259456895e-07, 1950438146.7410362), <helper.Tree.SEQ object at 0x11a093c40>: (0.0010829199654704728, 637839.8596621085), <helper.Tree.SEQ object at 0x11a427ee0>: (0.002234024451871865, 2234024.451871865), <helper.Tree.AND object at 0x11a427730>: (2.698379559433203e-07, 1079351.8237732812), <helper.Tree.AND object at 0x11a427e50>: (2.2259207085956857e-05, 44518414.17191371)}
Type of projection: <class 'str'> Value: B
{<helper.Tree.SEQ object at 0x11a420490>: ['A', 'C', 'F'], <helper.Tree.AND object at 0x11a432c10>: ['B', 'E', 'F', 'C'], <helper.Tree.AND object at 0x11a432dc0>: ['B', 'F', 'A', 'E']}
[]
Current projrates: {<helper.Tree.AND object at 0x11a081d90>: (0.0034410204848467144, 5702940890.355854), <helper.Tree.AND object at 0x11a06cf70>: (9.414788259456895e-07, 1950438146.7410362), <helper.Tree.SEQ object at 0x11a093c40>: (0.0010829199654704728, 637839.8596621085), <helper.Tree.SEQ object at 0x11a427ee0>: (0.002234024451871865, 2234024.451871865), <helper.Tree.AND object at 0x11a427730>: (2.698379559433203e-07, 1079351.8237732812), <helper.Tree.AND object at 0x11a427e50>: (2.2259207085956857e-05, 44518414.17191371)}
Type of projection: <class 'str'> Value: A
Current projrates: {<helper.Tree.AND object at 0x11a081d90>: (0.0034410204848467144, 5702940890.355854), <helper.Tree.AND object at 0x11a06cf70>: (9.414788259456895e-07, 1950438146.7410362), <helper.Tree.SEQ object at 0x11a093c40>: (0.0010829199654704728, 637839.8596621085), <helper.Tree.SEQ object at 0x11a427ee0>: (0.002234024451871865, 2234024.451871865), <helper.Tree.AND object at 0x11a427730>: (2.698379559433203e-07, 1079351.8237732812), <helper.Tree.AND object at 0x11a427e50>: (2.2259207085956857e-05, 44518414.17191371)}
Type of projection: <class 'str'> Value: B
Current projrates: {<helper.Tree.AND object at 0x11a081d90>: (0.0034410204848467144, 5702940890.355854), <helper.Tree.AND object at 0x11a06cf70>: (9.414788259456895e-07, 1950438146.7410362), <helper.Tree.SEQ object at 0x11a093c40>: (0.0010829199654704728, 637839.8596621085), <helper.Tree.SEQ object at 0x11a427ee0>: (0.002234024451871865, 2234024.451871865), <helper.Tree.AND object at 0x11a427730>: (2.698379559433203e-07, 1079351.8237732812), <helper.Tree.AND object at 0x11a427e50>: (2.2259207085956857e-05, 44518414.17191371)}
Type of projection: <class 'str'> Value: B
Current projrates: {<helper.Tree.AND object at 0x11a081d90>: (0.0034410204848467144, 5702940890.355854), <helper.Tree.AND object at 0x11a06cf70>: (9.414788259456895e-07, 1950438146.7410362), <helper.Tree.SEQ object at 0x11a093c40>: (0.0010829199654704728, 637839.8596621085), <helper.Tree.SEQ object at 0x11a427ee0>: (0.002234024451871865, 2234024.451871865), <helper.Tree.AND object at 0x11a427730>: (2.698379559433203e-07, 1079351.8237732812), <helper.Tree.AND object at 0x11a427e50>: (2.2259207085956857e-05, 44518414.17191371)}
Type of projection: <class 'str'> Value: A
Network
[<Node.Node object at 0x11a4032b0>, <Node.Node object at 0x11a410100>, <Node.Node object at 0x11a410310>, <Node.Node object at 0x11a410370>, <Node.Node object at 0x11a4103a0>, <Node.Node object at 0x11a4103d0>, <Node.Node object at 0x11a410400>, <Node.Node object at 0x11a410430>, <Node.Node object at 0x11a410460>, <Node.Node object at 0x11a410490>, <Node.Node object at 0x11a4104c0>, <Node.Node object at 0x11a4104f0>]
{0: [], 1: [], 2: [], 3: [], 4: [], 5: [], 6: ['A', 'C', 'D', 'E', 'F'], 7: ['A', 'D', 'E'], 8: ['C', 'D', 'E', 'F'], 9: ['B', 'C', 'D'], 10: ['A', 'D'], 11: ['C', 'D']}
27000.0
18000.0
18000.0
SiS SEQ(A, C, F) At: []PC: 18001.0 Hops: 2
Current projrates: {<helper.Tree.AND object at 0x11a081d90>: (0.0034410204848467144, 5702940890.355854), <helper.Tree.AND object at 0x11a06cf70>: (9.414788259456895e-07, 1950438146.7410362), <helper.Tree.SEQ object at 0x11a093c40>: (0.0010829199654704728, 637839.8596621085), <helper.Tree.SEQ object at 0x11a427ee0>: (0.002234024451871865, 2234024.451871865), <helper.Tree.AND object at 0x11a427730>: (2.698379559433203e-07, 1079351.8237732812), <helper.Tree.AND object at 0x11a427e50>: (2.2259207085956857e-05, 44518414.17191371)}
Type of projection: <class 'str'> Value: B
MS AND(B, E, F, C) At: ['B', 0] For: AND(B, E, F, C) PC: 14000.0 Hops:3
Current projrates: {<helper.Tree.AND object at 0x11a081d90>: (0.0034410204848467144, 5702940890.355854), <helper.Tree.AND object at 0x11a06cf70>: (9.414788259456895e-07, 1950438146.7410362), <helper.Tree.SEQ object at 0x11a093c40>: (0.0010829199654704728, 637839.8596621085), <helper.Tree.SEQ object at 0x11a427ee0>: (0.002234024451871865, 2234024.451871865), <helper.Tree.AND object at 0x11a427730>: (2.698379559433203e-07, 1079351.8237732812), <helper.Tree.AND object at 0x11a427e50>: (2.2259207085956857e-05, 44518414.17191371)}
Type of projection: <class 'str'> Value: B
MS AND(B, SEQ(F, A, E)) At: ['B', 0] For: AND(B, SEQ(F, A, E)) PC: 12000.0 Hops:1
INEv Transmission with MS 44001.0
Lower Bound: 0.0
Transmission Ratio: 1.1282307692307691
Printing execution times
1754728246.7873049
1754728249.7525508
Finished in 2.97 seconds
{<helper.Tree.SEQ object at 0x11a420490>: 0, <helper.Tree.AND object at 0x11a432c10>: 0, <helper.Tree.AND object at 0x11a432dc0>: 0}
Myplan is <EvaluationPlan(projections=[<EvaluationPlan.Projection object at 0x11a43aa60>, <EvaluationPlan.Projection object at 0x11a43ad90>, <EvaluationPlan.Projection object at 0x11a443a90>], instances=[<EvaluationPlan.Instance object at 0x11a457190>, <EvaluationPlan.Instance object at 0x11a457850>, <EvaluationPlan.Instance object at 0x11a420fa0>, <EvaluationPlan.Instance object at 0x11a4209d0>, <EvaluationPlan.Instance object at 0x11a43a190>, <EvaluationPlan.Instance object at 0x11a43a1f0>, <EvaluationPlan.Instance object at 0x11a43a250>, <EvaluationPlan.Instance object at 0x11a43a2b0>, <EvaluationPlan.Instance object at 0x11a43a310>, <EvaluationPlan.Instance object at 0x11a43a370>, <EvaluationPlan.Instance object at 0x11a43a3d0>, <EvaluationPlan.Instance object at 0x11a43a430>, <EvaluationPlan.Instance object at 0x11a43a490>, <EvaluationPlan.Instance object at 0x11a43a4f0>, <EvaluationPlan.Instance object at 0x11a43a550>, <EvaluationPlan.Instance object at 0x11a43a5b0>, <EvaluationPlan.Instance object at 0x11a43a610>, <EvaluationPlan.Instance object at 0x11a43a670>, <EvaluationPlan.Instance object at 0x11a43a6d0>, <EvaluationPlan.Instance object at 0x11a43a790>, <EvaluationPlan.Instance object at 0x11a443b50>, <EvaluationPlan.Instance object at 0x11a44a8b0>])>
network
Node 0 Node 0
Computational Power: inf
Memory: inf
Eventrates: [0, 0, 0, 0, 0, 0]
Parents: None
Child: [1, 2]
Siblings: None

Node 1 Node 1
Computational Power: 3
Memory: 3
Eventrates: [0, 0, 0, 0, 0, 0]
Parents: [0]
Child: [3, 4, 5]
Siblings: None

Node 2 Node 2
Computational Power: 3
Memory: 3
Eventrates: [0, 0, 0, 0, 0, 0]
Parents: [0]
Child: [3, 4, 5]
Siblings: None

Node 3 Node 3
Computational Power: 2
Memory: 2
Eventrates: [0, 0, 0, 0, 0, 0]
Parents: [1, 2]
Child: [6, 7, 8, 9, 10, 11]
Siblings: None

Node 4 Node 4
Computational Power: 2
Memory: 2
Eventrates: [0, 0, 0, 0, 0, 0]
Parents: [1, 2]
Child: [7, 8, 9, 10, 11]
Siblings: None

Node 5 Node 5
Computational Power: 2
Memory: 2
Eventrates: [0, 0, 0, 0, 0, 0]
Parents: [2, 1]
Child: [7, 8, 9, 10, 11]
Siblings: None

Node 6 Node 6
Computational Power: 1
Memory: 1
Eventrates: [1000, 0, 1000, 1000, 1000, 1000]
Parents: [3]
Child: None
Siblings: None

Node 7 Node 7
Computational Power: 1
Memory: 1
Eventrates: [1000, 0, 0, 1000, 1000, 0]
Parents: [5, 4, 3]
Child: None
Siblings: None

Node 8 Node 8
Computational Power: 1
Memory: 1
Eventrates: [0, 0, 1000, 1000, 1000, 1000]
Parents: [3, 4, 5]
Child: None
Siblings: None

Node 9 Node 9
Computational Power: 1
Memory: 1
Eventrates: [0, 1000, 1000, 1000, 0, 0]
Parents: [3, 4, 5]
Child: None
Siblings: None

Node 10 Node 10
Computational Power: 1
Memory: 1
Eventrates: [1000, 0, 0, 1000, 0, 0]
Parents: [3, 4, 5]
Child: None
Siblings: None

Node 11 Node 11
Computational Power: 1
Memory: 1
Eventrates: [0, 0, 1000, 1000, 0, 0]
Parents: [3, 5, 4]
Child: None
Siblings: None


selectivities
{'BE': 0.06387039088607244, 'EB': 0.06387039088607244, 'AC': 1, 'CA': 1, 'EF': 0.07003867193823399, 'FE': 0.07003867193823399, 'BC': 0.018055478870128566, 'CB': 0.018055478870128566, 'FC': 0.038728986287193845, 'CF': 0.038728986287193845, 'DC': 0.04349005997389314, 'CD': 0.04349005997389314, 'DF': 0.09633493644128734, 'FD': 0.09633493644128734, 'ED': 0.021704289013996028, 'DE': 0.021704289013996028, 'BF': 0.08626217830649753, 'FB': 0.08626217830649753, 'FA': 0.05768352508133086, 'AF': 0.05768352508133086, 'BD': 1, 'DB': 1, 'DA': 1, 'AD': 1, 'EC': 1, 'CE': 1, 'EA': 1, 'AE': 1, 'BA': 1, 'AB': 1} 

queries
SEQ(A, C, F)
AND(B, E, F, C)
AND(B, SEQ(F, A, E))

muse graph
SELECT SEQ(A, C, F) FROM C; F; A ON {1} WITH selectionRate= 0.002234024451871865
SELECT AND(B, E, F, C) FROM B; C; F; E ON {0, 1}/n() WITH selectionRate= 2.698379559433203e-07
SELECT AND(B, SEQ(F, A, E)) FROM B; E; F; A ON {0, 1}/n() WITH selectionRate= 2.2259207085956857e-05

SPlitting
SPlitting
SPlitting
total central push cost is 65003.0
SEQ(A, C, F)
AND(B, E, F, C)
AND(B, SEQ(F, A, E))
~~
['SEQ(A, C, F', 'AND(B, E, F, C', 'AND(B, SEQ(F, A, E)']
greedy_costs: 0
sampling_costs: 0
factorial_costs: 0
exact_costs: 11260.928468319767
§§§§§§§§§§ Push-Pull MuSE costs §§§§§§§§§§
####### EXACT #######
Exact network costs: 11260.928468319767
Exact Average: 11260.928468319767
Exact Average Transmission Ratio: 0.1732370578022517
Average exact algorithm execution time: 0.002901500000003665
[0]
[0]
[0]
[11260.928468319767]
        ID  TransmissionRatio  Transmission  INEvTransmission FilterUsed  Nodes  EventSkew  ...  LowerBound  EventTypes  MaximumParents   exact_costs  PushPullTime  MaxPushPullLatency  endTransmissionRatio
0  4497930           1.128231       39000.0           44001.0         []     12        0.3  ...         0.0           6              10  11260.928468      0.004511                   9              0.173237

[1 rows x 25 columns]
🔄 Checking result for run <Future at 0x11a44ac10 state=running>
