
==== Simulation Run 3 Started ====


==== Initaiting Run 3 Started ====

4
[1000 1000 1000 1000 1000 1000]
[TESTING eList: ]{6: [0, 1, 2, 3, 4, 5], 7: [0, 1, 2, 4, 5], 8: [0, 1, 2, 3, 4, 5], 9: [0, 1, 2, 3, 4, 5], 10: [0, 1, 2, 3, 4, 5], 11: [0, 1, 2, 3, 4, 5]}
AND(D, SEQ(B, F, E))

AND(E, SEQ(A, C, B))

AND(A, SEQ(B, E, D))

None
-----
-----
[NETWORK] {0: [], 1: [], 2: [], 3: [], 4: [], 5: [], 6: ['A', 'B', 'D'], 7: ['D', 'E'], 8: ['D', 'E'], 9: ['A', 'B', 'D'], 10: ['B', 'C', 'E', 'F'], 11: []}
Current projrates: {<helper.Tree.AND object at 0x12f5daeb0>: (0.003890288474201259, 7780576948.402518), <helper.Tree.AND object at 0x12f5dac70>: (1.550857325290059e-05, 31017146.505801182), <helper.Tree.AND object at 0x12f5e2340>: (1.5533071764351492e-05, 31066143.528702985)}
Type of projection: <class 'str'> Value: D
Current projrates: {<helper.Tree.AND object at 0x12f5daeb0>: (0.003890288474201259, 7780576948.402518), <helper.Tree.AND object at 0x12f5dac70>: (1.550857325290059e-05, 31017146.505801182), <helper.Tree.AND object at 0x12f5e2340>: (1.5533071764351492e-05, 31066143.528702985)}
Type of projection: <class 'str'> Value: D
Current projrates: {<helper.Tree.AND object at 0x12f5daeb0>: (0.003890288474201259, 7780576948.402518), <helper.Tree.AND object at 0x12f5dac70>: (1.550857325290059e-05, 31017146.505801182), <helper.Tree.AND object at 0x12f5e2340>: (1.5533071764351492e-05, 31066143.528702985)}
Type of projection: <class 'str'> Value: B
Current projrates: {<helper.Tree.AND object at 0x12f5daeb0>: (0.003890288474201259, 7780576948.402518), <helper.Tree.AND object at 0x12f5dac70>: (1.550857325290059e-05, 31017146.505801182), <helper.Tree.AND object at 0x12f5e2340>: (1.5533071764351492e-05, 31066143.528702985)}
Type of projection: <class 'str'> Value: F
Current projrates: {<helper.Tree.AND object at 0x12f5daeb0>: (0.003890288474201259, 7780576948.402518), <helper.Tree.AND object at 0x12f5dac70>: (1.550857325290059e-05, 31017146.505801182), <helper.Tree.AND object at 0x12f5e2340>: (1.5533071764351492e-05, 31066143.528702985)}
Type of projection: <class 'str'> Value: E
Current projrates: {<helper.Tree.AND object at 0x12f5daeb0>: (0.003890288474201259, 7780576948.402518), <helper.Tree.AND object at 0x12f5dac70>: (1.550857325290059e-05, 31017146.505801182), <helper.Tree.AND object at 0x12f5e2340>: (1.5533071764351492e-05, 31066143.528702985)}
Type of projection: <class 'str'> Value: E
Current projrates: {<helper.Tree.AND object at 0x12f5daeb0>: (0.003890288474201259, 7780576948.402518), <helper.Tree.AND object at 0x12f5dac70>: (1.550857325290059e-05, 31017146.505801182), <helper.Tree.AND object at 0x12f5e2340>: (1.5533071764351492e-05, 31066143.528702985)}
Type of projection: <class 'str'> Value: E
Current projrates: {<helper.Tree.AND object at 0x12f5daeb0>: (0.003890288474201259, 7780576948.402518), <helper.Tree.AND object at 0x12f5dac70>: (1.550857325290059e-05, 31017146.505801182), <helper.Tree.AND object at 0x12f5e2340>: (1.5533071764351492e-05, 31066143.528702985)}
Type of projection: <class 'str'> Value: A
Current projrates: {<helper.Tree.AND object at 0x12f5daeb0>: (0.003890288474201259, 7780576948.402518), <helper.Tree.AND object at 0x12f5dac70>: (1.550857325290059e-05, 31017146.505801182), <helper.Tree.AND object at 0x12f5e2340>: (1.5533071764351492e-05, 31066143.528702985)}
Type of projection: <class 'str'> Value: C
Current projrates: {<helper.Tree.AND object at 0x12f5daeb0>: (0.003890288474201259, 7780576948.402518), <helper.Tree.AND object at 0x12f5dac70>: (1.550857325290059e-05, 31017146.505801182), <helper.Tree.AND object at 0x12f5e2340>: (1.5533071764351492e-05, 31066143.528702985)}
Type of projection: <class 'str'> Value: B
